{
  "stats": {
    "suites": 25,
    "tests": 40,
    "passes": 40,
    "pending": 0,
    "failures": 0,
    "start": "2023-07-18T19:45:44.305Z",
    "end": "2023-07-18T19:45:54.862Z",
    "duration": 10557,
    "testsRegistered": 40,
    "passPercent": 100,
    "pendingPercent": 0,
    "other": 0,
    "hasOther": false,
    "skipped": 0,
    "hasSkipped": false
  },
  "results": [
    {
      "uuid": "0f2dd1ae-ab77-4753-a299-6e029a691774",
      "title": "",
      "fullFile": "",
      "file": "",
      "beforeHooks": [],
      "afterHooks": [],
      "tests": [],
      "suites": [
        {
          "uuid": "52fd1ca7-c7c9-4292-b419-f9de404b3c8d",
          "title": "GET USER",
          "fullFile": "C:\\Users\\user\\OneDrive\\Dokumen\\latihan\\Mocha-API-Testing\\test\\api\\chaiAssert.js",
          "file": "\\test\\api\\chaiAssert.js",
          "beforeHooks": [],
          "afterHooks": [],
          "tests": [],
          "suites": [
            {
              "uuid": "47a7ac87-5810-4c24-8415-d5798a490f50",
              "title": "get all user data in 2nd page",
              "fullFile": "C:\\Users\\user\\OneDrive\\Dokumen\\latihan\\Mocha-API-Testing\\test\\api\\chaiAssert.js",
              "file": "\\test\\api\\chaiAssert.js",
              "beforeHooks": [],
              "afterHooks": [],
              "tests": [
                {
                  "title": "response status equal to 200",
                  "fullTitle": "GET USER get all user data in 2nd page response status equal to 200",
                  "timedOut": false,
                  "duration": 182,
                  "state": "passed",
                  "speed": "slow",
                  "pass": true,
                  "fail": false,
                  "pending": false,
                  "context": null,
                  "code": "expect((await response).status).to.equal(200)",
                  "err": {},
                  "uuid": "5fdb5e8b-22c0-4c56-b731-8889ff10fe62",
                  "parentUUID": "47a7ac87-5810-4c24-8415-d5798a490f50",
                  "isHook": false,
                  "skipped": false
                },
                {
                  "title": "response body to have property",
                  "fullTitle": "GET USER get all user data in 2nd page response body to have property",
                  "timedOut": false,
                  "duration": 2,
                  "state": "passed",
                  "speed": "fast",
                  "pass": true,
                  "fail": false,
                  "pending": false,
                  "context": null,
                  "code": "expect((await response).body).to.haveOwnProperty(`page`)\nexpect((await response).body).to.haveOwnProperty(`per_page`)\nexpect((await response).body).to.haveOwnProperty(`total`)\nexpect((await response).body).to.haveOwnProperty(`total_pages`)\nexpect((await response).body).to.haveOwnProperty(`data`)\nexpect((await response).body).to.haveOwnProperty(`support`)",
                  "err": {},
                  "uuid": "76ccce42-b957-42a6-bf92-d6ae1faa4275",
                  "parentUUID": "47a7ac87-5810-4c24-8415-d5798a490f50",
                  "isHook": false,
                  "skipped": false
                },
                {
                  "title": "response body expected to be a object",
                  "fullTitle": "GET USER get all user data in 2nd page response body expected to be a object",
                  "timedOut": false,
                  "duration": 1,
                  "state": "passed",
                  "speed": "fast",
                  "pass": true,
                  "fail": false,
                  "pending": false,
                  "context": null,
                  "code": "expect((await response).body).to.be.a('object')",
                  "err": {},
                  "uuid": "12ec1de2-6869-48aa-a2f3-23447d50d11f",
                  "parentUUID": "47a7ac87-5810-4c24-8415-d5798a490f50",
                  "isHook": false,
                  "skipped": false
                }
              ],
              "suites": [],
              "passes": [
                "5fdb5e8b-22c0-4c56-b731-8889ff10fe62",
                "76ccce42-b957-42a6-bf92-d6ae1faa4275",
                "12ec1de2-6869-48aa-a2f3-23447d50d11f"
              ],
              "failures": [],
              "pending": [],
              "skipped": [],
              "duration": 185,
              "root": false,
              "rootEmpty": false,
              "_timeout": 2000
            },
            {
              "uuid": "77b2e8df-f6f8-4013-bd0c-6b615eb095c7",
              "title": "get single user data",
              "fullFile": "C:\\Users\\user\\OneDrive\\Dokumen\\latihan\\Mocha-API-Testing\\test\\api\\chaiAssert.js",
              "file": "\\test\\api\\chaiAssert.js",
              "beforeHooks": [],
              "afterHooks": [],
              "tests": [
                {
                  "title": "response status equal to 200",
                  "fullTitle": "GET USER get single user data response status equal to 200",
                  "timedOut": false,
                  "duration": 138,
                  "state": "passed",
                  "speed": "slow",
                  "pass": true,
                  "fail": false,
                  "pending": false,
                  "context": null,
                  "code": "expect((await response).status).to.equal(200)",
                  "err": {},
                  "uuid": "032bac59-7f26-43d9-80c8-6db445602918",
                  "parentUUID": "77b2e8df-f6f8-4013-bd0c-6b615eb095c7",
                  "isHook": false,
                  "skipped": false
                },
                {
                  "title": "response body to have property",
                  "fullTitle": "GET USER get single user data response body to have property",
                  "timedOut": false,
                  "duration": 0,
                  "state": "passed",
                  "speed": "fast",
                  "pass": true,
                  "fail": false,
                  "pending": false,
                  "context": null,
                  "code": "expect((await response).body).to.haveOwnProperty(`data`)\nexpect((await response).body).to.haveOwnProperty(`support`)",
                  "err": {},
                  "uuid": "3e62ee61-1fd3-46d0-98fd-7c5477fdf591",
                  "parentUUID": "77b2e8df-f6f8-4013-bd0c-6b615eb095c7",
                  "isHook": false,
                  "skipped": false
                },
                {
                  "title": "response body expected to be a object",
                  "fullTitle": "GET USER get single user data response body expected to be a object",
                  "timedOut": false,
                  "duration": 0,
                  "state": "passed",
                  "speed": "fast",
                  "pass": true,
                  "fail": false,
                  "pending": false,
                  "context": null,
                  "code": "expect((await response).body).to.be.a('object')",
                  "err": {},
                  "uuid": "8f00ad63-85d1-43b6-b950-3e5f0e8c4f3a",
                  "parentUUID": "77b2e8df-f6f8-4013-bd0c-6b615eb095c7",
                  "isHook": false,
                  "skipped": false
                }
              ],
              "suites": [],
              "passes": [
                "032bac59-7f26-43d9-80c8-6db445602918",
                "3e62ee61-1fd3-46d0-98fd-7c5477fdf591",
                "8f00ad63-85d1-43b6-b950-3e5f0e8c4f3a"
              ],
              "failures": [],
              "pending": [],
              "skipped": [],
              "duration": 138,
              "root": false,
              "rootEmpty": false,
              "_timeout": 2000
            },
            {
              "uuid": "8c0c7446-6521-4822-93fa-204cb2acf94d",
              "title": "get a single data but response delayed",
              "fullFile": "C:\\Users\\user\\OneDrive\\Dokumen\\latihan\\Mocha-API-Testing\\test\\api\\chaiAssert.js",
              "file": "\\test\\api\\chaiAssert.js",
              "beforeHooks": [],
              "afterHooks": [],
              "tests": [
                {
                  "title": "stauts response should take more than 2000ms",
                  "fullTitle": "GET USER get a single data but response delayed stauts response should take more than 2000ms",
                  "timedOut": false,
                  "duration": 3726,
                  "state": "passed",
                  "speed": "slow",
                  "pass": true,
                  "fail": false,
                  "pending": false,
                  "context": null,
                  "code": "this.timeout(10000);\nexpect((await response).status).to.equal(200)",
                  "err": {},
                  "uuid": "e6baa12b-cce2-4c45-a631-bb05f932da8e",
                  "parentUUID": "8c0c7446-6521-4822-93fa-204cb2acf94d",
                  "isHook": false,
                  "skipped": false
                },
                {
                  "title": "response body expected to be an object",
                  "fullTitle": "GET USER get a single data but response delayed response body expected to be an object",
                  "timedOut": false,
                  "duration": 0,
                  "state": "passed",
                  "speed": "fast",
                  "pass": true,
                  "fail": false,
                  "pending": false,
                  "context": null,
                  "code": "expect((await response).body).to.be.a('object')",
                  "err": {},
                  "uuid": "bf2ada82-d66c-41f7-989f-81560337f921",
                  "parentUUID": "8c0c7446-6521-4822-93fa-204cb2acf94d",
                  "isHook": false,
                  "skipped": false
                }
              ],
              "suites": [],
              "passes": [
                "e6baa12b-cce2-4c45-a631-bb05f932da8e",
                "bf2ada82-d66c-41f7-989f-81560337f921"
              ],
              "failures": [],
              "pending": [],
              "skipped": [],
              "duration": 3726,
              "root": false,
              "rootEmpty": false,
              "_timeout": 2000
            },
            {
              "uuid": "e3c41596-49f5-409f-9631-5dce1fa1d00b",
              "title": "can not get a single user not found",
              "fullFile": "C:\\Users\\user\\OneDrive\\Dokumen\\latihan\\Mocha-API-Testing\\test\\api\\chaiAssert.js",
              "file": "\\test\\api\\chaiAssert.js",
              "beforeHooks": [],
              "afterHooks": [],
              "tests": [
                {
                  "title": "response status equal to 404",
                  "fullTitle": "GET USER can not get a single user not found response status equal to 404",
                  "timedOut": false,
                  "duration": 120,
                  "state": "passed",
                  "speed": "slow",
                  "pass": true,
                  "fail": false,
                  "pending": false,
                  "context": null,
                  "code": "expect((await response).status).to.equal(404)",
                  "err": {},
                  "uuid": "f847a122-f515-4caa-8795-a59060a921e3",
                  "parentUUID": "e3c41596-49f5-409f-9631-5dce1fa1d00b",
                  "isHook": false,
                  "skipped": false
                }
              ],
              "suites": [],
              "passes": [
                "f847a122-f515-4caa-8795-a59060a921e3"
              ],
              "failures": [],
              "pending": [],
              "skipped": [],
              "duration": 120,
              "root": false,
              "rootEmpty": false,
              "_timeout": 2000
            }
          ],
          "passes": [],
          "failures": [],
          "pending": [],
          "skipped": [],
          "duration": 0,
          "root": false,
          "rootEmpty": false,
          "_timeout": 2000
        },
        {
          "uuid": "3000c1b9-fbf4-43a0-a8a3-a5f913c075ff",
          "title": "POST USER",
          "fullFile": "C:\\Users\\user\\OneDrive\\Dokumen\\latihan\\Mocha-API-Testing\\test\\api\\chaiAssert.js",
          "file": "\\test\\api\\chaiAssert.js",
          "beforeHooks": [],
          "afterHooks": [],
          "tests": [],
          "suites": [
            {
              "uuid": "a6fa448d-7271-40d3-9175-518732799166",
              "title": "create user data",
              "fullFile": "C:\\Users\\user\\OneDrive\\Dokumen\\latihan\\Mocha-API-Testing\\test\\api\\chaiAssert.js",
              "file": "\\test\\api\\chaiAssert.js",
              "beforeHooks": [],
              "afterHooks": [],
              "tests": [
                {
                  "title": "response status equal to 200",
                  "fullTitle": "POST USER create user data response status equal to 200",
                  "timedOut": false,
                  "duration": 497,
                  "state": "passed",
                  "speed": "slow",
                  "pass": true,
                  "fail": false,
                  "pending": false,
                  "context": null,
                  "code": "expect((await response).status).to.equal(201)",
                  "err": {},
                  "uuid": "fcad6087-0c86-4cdd-ac9f-01f43da297e5",
                  "parentUUID": "a6fa448d-7271-40d3-9175-518732799166",
                  "isHook": false,
                  "skipped": false
                },
                {
                  "title": "response body to have property",
                  "fullTitle": "POST USER create user data response body to have property",
                  "timedOut": false,
                  "duration": 0,
                  "state": "passed",
                  "speed": "fast",
                  "pass": true,
                  "fail": false,
                  "pending": false,
                  "context": null,
                  "code": "expect((await response).body).to.haveOwnProperty(`name`)\nexpect((await response).body).to.haveOwnProperty(`job`)",
                  "err": {},
                  "uuid": "708f1d4c-b4dd-4dfb-a2d9-09179590a928",
                  "parentUUID": "a6fa448d-7271-40d3-9175-518732799166",
                  "isHook": false,
                  "skipped": false
                },
                {
                  "title": "response body expected to be a object",
                  "fullTitle": "POST USER create user data response body expected to be a object",
                  "timedOut": false,
                  "duration": 0,
                  "state": "passed",
                  "speed": "fast",
                  "pass": true,
                  "fail": false,
                  "pending": false,
                  "context": null,
                  "code": "expect((await response).body).to.be.a('object')",
                  "err": {},
                  "uuid": "70e495e5-70fb-45ea-8a15-b2eedcb9a478",
                  "parentUUID": "a6fa448d-7271-40d3-9175-518732799166",
                  "isHook": false,
                  "skipped": false
                }
              ],
              "suites": [],
              "passes": [
                "fcad6087-0c86-4cdd-ac9f-01f43da297e5",
                "708f1d4c-b4dd-4dfb-a2d9-09179590a928",
                "70e495e5-70fb-45ea-8a15-b2eedcb9a478"
              ],
              "failures": [],
              "pending": [],
              "skipped": [],
              "duration": 497,
              "root": false,
              "rootEmpty": false,
              "_timeout": 2000
            }
          ],
          "passes": [],
          "failures": [],
          "pending": [],
          "skipped": [],
          "duration": 0,
          "root": false,
          "rootEmpty": false,
          "_timeout": 2000
        },
        {
          "uuid": "d51510dc-fb7f-4f8d-90d9-1845239a0a53",
          "title": "UPDATE USER",
          "fullFile": "C:\\Users\\user\\OneDrive\\Dokumen\\latihan\\Mocha-API-Testing\\test\\api\\chaiAssert.js",
          "file": "\\test\\api\\chaiAssert.js",
          "beforeHooks": [],
          "afterHooks": [],
          "tests": [],
          "suites": [
            {
              "uuid": "7213792d-a598-4cbf-a8d6-c7a3aa0089c4",
              "title": "update user data",
              "fullFile": "C:\\Users\\user\\OneDrive\\Dokumen\\latihan\\Mocha-API-Testing\\test\\api\\chaiAssert.js",
              "file": "\\test\\api\\chaiAssert.js",
              "beforeHooks": [],
              "afterHooks": [],
              "tests": [
                {
                  "title": "response status equal to 200",
                  "fullTitle": "UPDATE USER update user data response status equal to 200",
                  "timedOut": false,
                  "duration": 663,
                  "state": "passed",
                  "speed": "slow",
                  "pass": true,
                  "fail": false,
                  "pending": false,
                  "context": null,
                  "code": "expect((await response).status).to.equal(200)",
                  "err": {},
                  "uuid": "15c72252-5026-42a5-9c5c-c0cb85f86f96",
                  "parentUUID": "7213792d-a598-4cbf-a8d6-c7a3aa0089c4",
                  "isHook": false,
                  "skipped": false
                },
                {
                  "title": "response body to have property",
                  "fullTitle": "UPDATE USER update user data response body to have property",
                  "timedOut": false,
                  "duration": 1,
                  "state": "passed",
                  "speed": "fast",
                  "pass": true,
                  "fail": false,
                  "pending": false,
                  "context": null,
                  "code": "expect((await response).body).to.haveOwnProperty(`name`)\nexpect((await response).body).to.haveOwnProperty(`job`)\nexpect((await response).body).to.haveOwnProperty(`updatedAt`)",
                  "err": {},
                  "uuid": "1124c0cc-ef1c-4842-b167-fd2a7683384a",
                  "parentUUID": "7213792d-a598-4cbf-a8d6-c7a3aa0089c4",
                  "isHook": false,
                  "skipped": false
                },
                {
                  "title": "response body expected to be a object",
                  "fullTitle": "UPDATE USER update user data response body expected to be a object",
                  "timedOut": false,
                  "duration": 1,
                  "state": "passed",
                  "speed": "fast",
                  "pass": true,
                  "fail": false,
                  "pending": false,
                  "context": null,
                  "code": "expect((await response).body).to.be.a('object')",
                  "err": {},
                  "uuid": "dba8c563-a724-4f7f-b0b2-606394dd4ad1",
                  "parentUUID": "7213792d-a598-4cbf-a8d6-c7a3aa0089c4",
                  "isHook": false,
                  "skipped": false
                }
              ],
              "suites": [],
              "passes": [
                "15c72252-5026-42a5-9c5c-c0cb85f86f96",
                "1124c0cc-ef1c-4842-b167-fd2a7683384a",
                "dba8c563-a724-4f7f-b0b2-606394dd4ad1"
              ],
              "failures": [],
              "pending": [],
              "skipped": [],
              "duration": 665,
              "root": false,
              "rootEmpty": false,
              "_timeout": 2000
            },
            {
              "uuid": "68a18043-663c-4d6e-98bf-79d3718b02ab",
              "title": "can not update user data",
              "fullFile": "C:\\Users\\user\\OneDrive\\Dokumen\\latihan\\Mocha-API-Testing\\test\\api\\chaiAssert.js",
              "file": "\\test\\api\\chaiAssert.js",
              "beforeHooks": [],
              "afterHooks": [],
              "tests": [
                {
                  "title": "response status equal to 404",
                  "fullTitle": "UPDATE USER can not update user data response status equal to 404",
                  "timedOut": false,
                  "duration": 621,
                  "state": "passed",
                  "speed": "slow",
                  "pass": true,
                  "fail": false,
                  "pending": false,
                  "context": null,
                  "code": "expect((await response).status).to.equal(404)",
                  "err": {},
                  "uuid": "a374af5b-8efa-48b7-9885-d84152e5f94c",
                  "parentUUID": "68a18043-663c-4d6e-98bf-79d3718b02ab",
                  "isHook": false,
                  "skipped": false
                }
              ],
              "suites": [],
              "passes": [
                "a374af5b-8efa-48b7-9885-d84152e5f94c"
              ],
              "failures": [],
              "pending": [],
              "skipped": [],
              "duration": 621,
              "root": false,
              "rootEmpty": false,
              "_timeout": 2000
            }
          ],
          "passes": [],
          "failures": [],
          "pending": [],
          "skipped": [],
          "duration": 0,
          "root": false,
          "rootEmpty": false,
          "_timeout": 2000
        },
        {
          "uuid": "08aad8bd-223c-4897-b6c6-369f5685b2ad",
          "title": "PATCH USER",
          "fullFile": "C:\\Users\\user\\OneDrive\\Dokumen\\latihan\\Mocha-API-Testing\\test\\api\\chaiAssert.js",
          "file": "\\test\\api\\chaiAssert.js",
          "beforeHooks": [],
          "afterHooks": [],
          "tests": [],
          "suites": [
            {
              "uuid": "c7722445-b638-4ac5-86cd-340a10c70a6c",
              "title": "patch user data",
              "fullFile": "C:\\Users\\user\\OneDrive\\Dokumen\\latihan\\Mocha-API-Testing\\test\\api\\chaiAssert.js",
              "file": "\\test\\api\\chaiAssert.js",
              "beforeHooks": [],
              "afterHooks": [],
              "tests": [
                {
                  "title": "response status equal to 200",
                  "fullTitle": "PATCH USER patch user data response status equal to 200",
                  "timedOut": false,
                  "duration": 698,
                  "state": "passed",
                  "speed": "slow",
                  "pass": true,
                  "fail": false,
                  "pending": false,
                  "context": null,
                  "code": "expect((await response).status).to.equal(200)",
                  "err": {},
                  "uuid": "ea193c4c-ca9a-4eab-b624-99f82370c99f",
                  "parentUUID": "c7722445-b638-4ac5-86cd-340a10c70a6c",
                  "isHook": false,
                  "skipped": false
                },
                {
                  "title": "response body to have property",
                  "fullTitle": "PATCH USER patch user data response body to have property",
                  "timedOut": false,
                  "duration": 0,
                  "state": "passed",
                  "speed": "fast",
                  "pass": true,
                  "fail": false,
                  "pending": false,
                  "context": null,
                  "code": "expect((await response).body).to.haveOwnProperty(`name`)\nexpect((await response).body).to.haveOwnProperty(`job`)\nexpect((await response).body).to.haveOwnProperty(`updatedAt`)",
                  "err": {},
                  "uuid": "f3c04452-e0f7-49b5-90f0-eaa0961213b2",
                  "parentUUID": "c7722445-b638-4ac5-86cd-340a10c70a6c",
                  "isHook": false,
                  "skipped": false
                },
                {
                  "title": "response body expected to be a object",
                  "fullTitle": "PATCH USER patch user data response body expected to be a object",
                  "timedOut": false,
                  "duration": 0,
                  "state": "passed",
                  "speed": "fast",
                  "pass": true,
                  "fail": false,
                  "pending": false,
                  "context": null,
                  "code": "expect((await response).body).to.be.a('object')",
                  "err": {},
                  "uuid": "b811a84a-a27f-4c48-b44d-e12075d673a3",
                  "parentUUID": "c7722445-b638-4ac5-86cd-340a10c70a6c",
                  "isHook": false,
                  "skipped": false
                }
              ],
              "suites": [],
              "passes": [
                "ea193c4c-ca9a-4eab-b624-99f82370c99f",
                "f3c04452-e0f7-49b5-90f0-eaa0961213b2",
                "b811a84a-a27f-4c48-b44d-e12075d673a3"
              ],
              "failures": [],
              "pending": [],
              "skipped": [],
              "duration": 698,
              "root": false,
              "rootEmpty": false,
              "_timeout": 2000
            },
            {
              "uuid": "63233ebb-3857-48d6-9f37-3c9b1d7e7c96",
              "title": "can not patch user data",
              "fullFile": "C:\\Users\\user\\OneDrive\\Dokumen\\latihan\\Mocha-API-Testing\\test\\api\\chaiAssert.js",
              "file": "\\test\\api\\chaiAssert.js",
              "beforeHooks": [],
              "afterHooks": [],
              "tests": [
                {
                  "title": "response status equal to 404",
                  "fullTitle": "PATCH USER can not patch user data response status equal to 404",
                  "timedOut": false,
                  "duration": 510,
                  "state": "passed",
                  "speed": "slow",
                  "pass": true,
                  "fail": false,
                  "pending": false,
                  "context": null,
                  "code": "expect((await response).status).to.equal(404)",
                  "err": {},
                  "uuid": "de537820-ee0a-4313-a4fc-bea397219d53",
                  "parentUUID": "63233ebb-3857-48d6-9f37-3c9b1d7e7c96",
                  "isHook": false,
                  "skipped": false
                }
              ],
              "suites": [],
              "passes": [
                "de537820-ee0a-4313-a4fc-bea397219d53"
              ],
              "failures": [],
              "pending": [],
              "skipped": [],
              "duration": 510,
              "root": false,
              "rootEmpty": false,
              "_timeout": 2000
            }
          ],
          "passes": [],
          "failures": [],
          "pending": [],
          "skipped": [],
          "duration": 0,
          "root": false,
          "rootEmpty": false,
          "_timeout": 2000
        },
        {
          "uuid": "c184360c-3829-43d4-b55c-0d466ec1d71d",
          "title": "DELETE USER",
          "fullFile": "C:\\Users\\user\\OneDrive\\Dokumen\\latihan\\Mocha-API-Testing\\test\\api\\chaiAssert.js",
          "file": "\\test\\api\\chaiAssert.js",
          "beforeHooks": [],
          "afterHooks": [],
          "tests": [],
          "suites": [
            {
              "uuid": "b5fa226b-638e-4f71-8d99-701eae43931c",
              "title": "delete user data",
              "fullFile": "C:\\Users\\user\\OneDrive\\Dokumen\\latihan\\Mocha-API-Testing\\test\\api\\chaiAssert.js",
              "file": "\\test\\api\\chaiAssert.js",
              "beforeHooks": [],
              "afterHooks": [],
              "tests": [
                {
                  "title": "response status equal to 204",
                  "fullTitle": "DELETE USER delete user data response status equal to 204",
                  "timedOut": false,
                  "duration": 496,
                  "state": "passed",
                  "speed": "slow",
                  "pass": true,
                  "fail": false,
                  "pending": false,
                  "context": null,
                  "code": "expect((await response).status).to.equal(204)",
                  "err": {},
                  "uuid": "c2e3a0e6-0d15-4d4a-900c-cfcb18387477",
                  "parentUUID": "b5fa226b-638e-4f71-8d99-701eae43931c",
                  "isHook": false,
                  "skipped": false
                }
              ],
              "suites": [],
              "passes": [
                "c2e3a0e6-0d15-4d4a-900c-cfcb18387477"
              ],
              "failures": [],
              "pending": [],
              "skipped": [],
              "duration": 496,
              "root": false,
              "rootEmpty": false,
              "_timeout": 2000
            }
          ],
          "passes": [],
          "failures": [],
          "pending": [],
          "skipped": [],
          "duration": 0,
          "root": false,
          "rootEmpty": false,
          "_timeout": 2000
        },
        {
          "uuid": "5e010425-9264-4f1d-9e82-f82d6fab6bd5",
          "title": "GET RESOURCE",
          "fullFile": "C:\\Users\\user\\OneDrive\\Dokumen\\latihan\\Mocha-API-Testing\\test\\api\\chaiAssert.js",
          "file": "\\test\\api\\chaiAssert.js",
          "beforeHooks": [],
          "afterHooks": [],
          "tests": [],
          "suites": [
            {
              "uuid": "c6c77d9f-da45-41ae-9bcd-1fe367c57f92",
              "title": "get all resource datas",
              "fullFile": "C:\\Users\\user\\OneDrive\\Dokumen\\latihan\\Mocha-API-Testing\\test\\api\\chaiAssert.js",
              "file": "\\test\\api\\chaiAssert.js",
              "beforeHooks": [],
              "afterHooks": [],
              "tests": [
                {
                  "title": "response status equal to 200",
                  "fullTitle": "GET RESOURCE get all resource datas response status equal to 200",
                  "timedOut": false,
                  "duration": 136,
                  "state": "passed",
                  "speed": "slow",
                  "pass": true,
                  "fail": false,
                  "pending": false,
                  "context": null,
                  "code": "expect((await response).status).to.equal(200)",
                  "err": {},
                  "uuid": "20ae0477-0de7-4ae9-b951-c4500bd9cd07",
                  "parentUUID": "c6c77d9f-da45-41ae-9bcd-1fe367c57f92",
                  "isHook": false,
                  "skipped": false
                },
                {
                  "title": "response body expected to be an object",
                  "fullTitle": "GET RESOURCE get all resource datas response body expected to be an object",
                  "timedOut": false,
                  "duration": 1,
                  "state": "passed",
                  "speed": "fast",
                  "pass": true,
                  "fail": false,
                  "pending": false,
                  "context": null,
                  "code": "expect((await response).body).to.be.a('object')",
                  "err": {},
                  "uuid": "181bd84a-3015-49e3-97a6-036827c551fc",
                  "parentUUID": "c6c77d9f-da45-41ae-9bcd-1fe367c57f92",
                  "isHook": false,
                  "skipped": false
                },
                {
                  "title": "response body to have some properties",
                  "fullTitle": "GET RESOURCE get all resource datas response body to have some properties",
                  "timedOut": false,
                  "duration": 1,
                  "state": "passed",
                  "speed": "fast",
                  "pass": true,
                  "fail": false,
                  "pending": false,
                  "context": null,
                  "code": "expect((await response).body).to.haveOwnProperty('page')\nexpect((await response).body).to.haveOwnProperty('per_page')\nexpect((await response).body).to.haveOwnProperty('total')\nexpect((await response).body).to.haveOwnProperty('total_pages')\nexpect((await response).body).to.haveOwnProperty('data')\nexpect((await response).body).to.haveOwnProperty('support')",
                  "err": {},
                  "uuid": "3e45356b-08eb-493b-a95c-bf6302af3e09",
                  "parentUUID": "c6c77d9f-da45-41ae-9bcd-1fe367c57f92",
                  "isHook": false,
                  "skipped": false
                }
              ],
              "suites": [],
              "passes": [
                "20ae0477-0de7-4ae9-b951-c4500bd9cd07",
                "181bd84a-3015-49e3-97a6-036827c551fc",
                "3e45356b-08eb-493b-a95c-bf6302af3e09"
              ],
              "failures": [],
              "pending": [],
              "skipped": [],
              "duration": 138,
              "root": false,
              "rootEmpty": false,
              "_timeout": 2000
            },
            {
              "uuid": "ed6e45d2-1fc5-42a7-bd8c-50df9f9260c6",
              "title": "get single resource data",
              "fullFile": "C:\\Users\\user\\OneDrive\\Dokumen\\latihan\\Mocha-API-Testing\\test\\api\\chaiAssert.js",
              "file": "\\test\\api\\chaiAssert.js",
              "beforeHooks": [],
              "afterHooks": [],
              "tests": [
                {
                  "title": "response status equal to 200",
                  "fullTitle": "GET RESOURCE get single resource data response status equal to 200",
                  "timedOut": false,
                  "duration": 109,
                  "state": "passed",
                  "speed": "slow",
                  "pass": true,
                  "fail": false,
                  "pending": false,
                  "context": null,
                  "code": "expect((await response).status).to.equal(200)",
                  "err": {},
                  "uuid": "3e745e20-5b3b-4476-b3d3-472a1c2c0083",
                  "parentUUID": "ed6e45d2-1fc5-42a7-bd8c-50df9f9260c6",
                  "isHook": false,
                  "skipped": false
                },
                {
                  "title": "response body expected to be an object",
                  "fullTitle": "GET RESOURCE get single resource data response body expected to be an object",
                  "timedOut": false,
                  "duration": 0,
                  "state": "passed",
                  "speed": "fast",
                  "pass": true,
                  "fail": false,
                  "pending": false,
                  "context": null,
                  "code": "expect((await response).body).to.be.a('object')",
                  "err": {},
                  "uuid": "6df51599-bc5a-46e1-a6e7-5107f4736854",
                  "parentUUID": "ed6e45d2-1fc5-42a7-bd8c-50df9f9260c6",
                  "isHook": false,
                  "skipped": false
                },
                {
                  "title": "response body to have 2 properties",
                  "fullTitle": "GET RESOURCE get single resource data response body to have 2 properties",
                  "timedOut": false,
                  "duration": 1,
                  "state": "passed",
                  "speed": "fast",
                  "pass": true,
                  "fail": false,
                  "pending": false,
                  "context": null,
                  "code": "expect((await response).body).to.haveOwnProperty('data')\nexpect((await response).body).to.haveOwnProperty('support')",
                  "err": {},
                  "uuid": "6e3f1010-4f05-4e55-80c8-be34bc5bee8d",
                  "parentUUID": "ed6e45d2-1fc5-42a7-bd8c-50df9f9260c6",
                  "isHook": false,
                  "skipped": false
                }
              ],
              "suites": [],
              "passes": [
                "3e745e20-5b3b-4476-b3d3-472a1c2c0083",
                "6df51599-bc5a-46e1-a6e7-5107f4736854",
                "6e3f1010-4f05-4e55-80c8-be34bc5bee8d"
              ],
              "failures": [],
              "pending": [],
              "skipped": [],
              "duration": 110,
              "root": false,
              "rootEmpty": false,
              "_timeout": 2000
            },
            {
              "uuid": "c6a1e226-a50e-4fb3-8f22-b6f38359099b",
              "title": "can not get resource data",
              "fullFile": "C:\\Users\\user\\OneDrive\\Dokumen\\latihan\\Mocha-API-Testing\\test\\api\\chaiAssert.js",
              "file": "\\test\\api\\chaiAssert.js",
              "beforeHooks": [],
              "afterHooks": [],
              "tests": [
                {
                  "title": "response status equal to 404",
                  "fullTitle": "GET RESOURCE can not get resource data response status equal to 404",
                  "timedOut": false,
                  "duration": 114,
                  "state": "passed",
                  "speed": "slow",
                  "pass": true,
                  "fail": false,
                  "pending": false,
                  "context": null,
                  "code": "expect((await response).status).to.equal(404)",
                  "err": {},
                  "uuid": "d0f54499-6b66-4b20-a871-b449131eb51a",
                  "parentUUID": "c6a1e226-a50e-4fb3-8f22-b6f38359099b",
                  "isHook": false,
                  "skipped": false
                }
              ],
              "suites": [],
              "passes": [
                "d0f54499-6b66-4b20-a871-b449131eb51a"
              ],
              "failures": [],
              "pending": [],
              "skipped": [],
              "duration": 114,
              "root": false,
              "rootEmpty": false,
              "_timeout": 2000
            }
          ],
          "passes": [],
          "failures": [],
          "pending": [],
          "skipped": [],
          "duration": 0,
          "root": false,
          "rootEmpty": false,
          "_timeout": 2000
        },
        {
          "uuid": "7493243f-592d-431c-bf9e-1270244ff909",
          "title": "POST REGISTER",
          "fullFile": "C:\\Users\\user\\OneDrive\\Dokumen\\latihan\\Mocha-API-Testing\\test\\api\\chaiAssert.js",
          "file": "\\test\\api\\chaiAssert.js",
          "beforeHooks": [],
          "afterHooks": [],
          "tests": [],
          "suites": [
            {
              "uuid": "7ed34477-a78e-46c7-9ad5-bd811aca17fd",
              "title": "successfully registred",
              "fullFile": "C:\\Users\\user\\OneDrive\\Dokumen\\latihan\\Mocha-API-Testing\\test\\api\\chaiAssert.js",
              "file": "\\test\\api\\chaiAssert.js",
              "beforeHooks": [],
              "afterHooks": [],
              "tests": [
                {
                  "title": "response status equal to 200",
                  "fullTitle": "POST REGISTER successfully registred response status equal to 200",
                  "timedOut": false,
                  "duration": 801,
                  "state": "passed",
                  "speed": "slow",
                  "pass": true,
                  "fail": false,
                  "pending": false,
                  "context": null,
                  "code": "expect((await response).status).to.equal(200)",
                  "err": {},
                  "uuid": "0e7db669-e3cc-432b-baa6-3a97bdb75e19",
                  "parentUUID": "7ed34477-a78e-46c7-9ad5-bd811aca17fd",
                  "isHook": false,
                  "skipped": false
                },
                {
                  "title": "response body expected to be an object",
                  "fullTitle": "POST REGISTER successfully registred response body expected to be an object",
                  "timedOut": false,
                  "duration": 0,
                  "state": "passed",
                  "speed": "fast",
                  "pass": true,
                  "fail": false,
                  "pending": false,
                  "context": null,
                  "code": "expect((await response).body).to.be.a('object')",
                  "err": {},
                  "uuid": "7cb0e148-ef03-4c4e-931c-e023eef5362f",
                  "parentUUID": "7ed34477-a78e-46c7-9ad5-bd811aca17fd",
                  "isHook": false,
                  "skipped": false
                },
                {
                  "title": "response body have 2 properties",
                  "fullTitle": "POST REGISTER successfully registred response body have 2 properties",
                  "timedOut": false,
                  "duration": 0,
                  "state": "passed",
                  "speed": "fast",
                  "pass": true,
                  "fail": false,
                  "pending": false,
                  "context": null,
                  "code": "expect((await response).body).to.haveOwnProperty('id')\nexpect((await response).body).to.haveOwnProperty('token')",
                  "err": {},
                  "uuid": "1a68cfed-1cac-4daf-b3cd-4317f19ce4bb",
                  "parentUUID": "7ed34477-a78e-46c7-9ad5-bd811aca17fd",
                  "isHook": false,
                  "skipped": false
                }
              ],
              "suites": [],
              "passes": [
                "0e7db669-e3cc-432b-baa6-3a97bdb75e19",
                "7cb0e148-ef03-4c4e-931c-e023eef5362f",
                "1a68cfed-1cac-4daf-b3cd-4317f19ce4bb"
              ],
              "failures": [],
              "pending": [],
              "skipped": [],
              "duration": 801,
              "root": false,
              "rootEmpty": false,
              "_timeout": 2000
            },
            {
              "uuid": "8348e705-c832-4736-9ae4-819bf1faf90e",
              "title": "failed to registr",
              "fullFile": "C:\\Users\\user\\OneDrive\\Dokumen\\latihan\\Mocha-API-Testing\\test\\api\\chaiAssert.js",
              "file": "\\test\\api\\chaiAssert.js",
              "beforeHooks": [],
              "afterHooks": [],
              "tests": [
                {
                  "title": "response status equal to 400",
                  "fullTitle": "POST REGISTER failed to registr response status equal to 400",
                  "timedOut": false,
                  "duration": 635,
                  "state": "passed",
                  "speed": "slow",
                  "pass": true,
                  "fail": false,
                  "pending": false,
                  "context": null,
                  "code": "expect((await response).status).to.equal(400)",
                  "err": {},
                  "uuid": "03c0840d-edc3-40eb-a470-c1032f66b681",
                  "parentUUID": "8348e705-c832-4736-9ae4-819bf1faf90e",
                  "isHook": false,
                  "skipped": false
                },
                {
                  "title": "response body expected to be an object",
                  "fullTitle": "POST REGISTER failed to registr response body expected to be an object",
                  "timedOut": false,
                  "duration": 0,
                  "state": "passed",
                  "speed": "fast",
                  "pass": true,
                  "fail": false,
                  "pending": false,
                  "context": null,
                  "code": "expect((await response).body).to.be.a('object')",
                  "err": {},
                  "uuid": "f5878f01-d81b-460c-af2e-1f713d7fbddd",
                  "parentUUID": "8348e705-c832-4736-9ae4-819bf1faf90e",
                  "isHook": false,
                  "skipped": false
                },
                {
                  "title": "response should return error message",
                  "fullTitle": "POST REGISTER failed to registr response should return error message",
                  "timedOut": false,
                  "duration": 1,
                  "state": "passed",
                  "speed": "fast",
                  "pass": true,
                  "fail": false,
                  "pending": false,
                  "context": null,
                  "code": "expect((await response).body).to.own.include({\n    \"error\": \"Missing password\"\n})",
                  "err": {},
                  "uuid": "602dca15-35bf-4579-9db3-2b4bc62e71c6",
                  "parentUUID": "8348e705-c832-4736-9ae4-819bf1faf90e",
                  "isHook": false,
                  "skipped": false
                }
              ],
              "suites": [],
              "passes": [
                "03c0840d-edc3-40eb-a470-c1032f66b681",
                "f5878f01-d81b-460c-af2e-1f713d7fbddd",
                "602dca15-35bf-4579-9db3-2b4bc62e71c6"
              ],
              "failures": [],
              "pending": [],
              "skipped": [],
              "duration": 636,
              "root": false,
              "rootEmpty": false,
              "_timeout": 2000
            }
          ],
          "passes": [],
          "failures": [],
          "pending": [],
          "skipped": [],
          "duration": 0,
          "root": false,
          "rootEmpty": false,
          "_timeout": 2000
        },
        {
          "uuid": "a903c8dd-3680-4a3b-87aa-952b61361431",
          "title": "POST LOGIN",
          "fullFile": "C:\\Users\\user\\OneDrive\\Dokumen\\latihan\\Mocha-API-Testing\\test\\api\\chaiAssert.js",
          "file": "\\test\\api\\chaiAssert.js",
          "beforeHooks": [],
          "afterHooks": [],
          "tests": [],
          "suites": [
            {
              "uuid": "70a16afc-3e6c-4f15-be25-706e5e40ea3e",
              "title": "successfully login",
              "fullFile": "C:\\Users\\user\\OneDrive\\Dokumen\\latihan\\Mocha-API-Testing\\test\\api\\chaiAssert.js",
              "file": "\\test\\api\\chaiAssert.js",
              "beforeHooks": [],
              "afterHooks": [],
              "tests": [
                {
                  "title": "response status equal to 200",
                  "fullTitle": "POST LOGIN successfully login response status equal to 200",
                  "timedOut": false,
                  "duration": 550,
                  "state": "passed",
                  "speed": "slow",
                  "pass": true,
                  "fail": false,
                  "pending": false,
                  "context": null,
                  "code": "expect((await response).status).to.equal(200)",
                  "err": {},
                  "uuid": "8316c6b0-6a80-425e-b7ca-50ec6f465125",
                  "parentUUID": "70a16afc-3e6c-4f15-be25-706e5e40ea3e",
                  "isHook": false,
                  "skipped": false
                },
                {
                  "title": "response body expected to be an object",
                  "fullTitle": "POST LOGIN successfully login response body expected to be an object",
                  "timedOut": false,
                  "duration": 1,
                  "state": "passed",
                  "speed": "fast",
                  "pass": true,
                  "fail": false,
                  "pending": false,
                  "context": null,
                  "code": "expect((await response).body).to.be.a('object')",
                  "err": {},
                  "uuid": "047205aa-3985-4388-9cf3-94f26e3b30da",
                  "parentUUID": "70a16afc-3e6c-4f15-be25-706e5e40ea3e",
                  "isHook": false,
                  "skipped": false
                },
                {
                  "title": "response body expected to return token",
                  "fullTitle": "POST LOGIN successfully login response body expected to return token",
                  "timedOut": false,
                  "duration": 0,
                  "state": "passed",
                  "speed": "fast",
                  "pass": true,
                  "fail": false,
                  "pending": false,
                  "context": null,
                  "code": "expect((await response).body).to.haveOwnProperty('token')",
                  "err": {},
                  "uuid": "ec555097-4d93-445d-b434-5f8077fb099b",
                  "parentUUID": "70a16afc-3e6c-4f15-be25-706e5e40ea3e",
                  "isHook": false,
                  "skipped": false
                }
              ],
              "suites": [],
              "passes": [
                "8316c6b0-6a80-425e-b7ca-50ec6f465125",
                "047205aa-3985-4388-9cf3-94f26e3b30da",
                "ec555097-4d93-445d-b434-5f8077fb099b"
              ],
              "failures": [],
              "pending": [],
              "skipped": [],
              "duration": 551,
              "root": false,
              "rootEmpty": false,
              "_timeout": 2000
            },
            {
              "uuid": "e59534e1-c26e-43d1-87e4-d50f9111adbb",
              "title": "failed to login",
              "fullFile": "C:\\Users\\user\\OneDrive\\Dokumen\\latihan\\Mocha-API-Testing\\test\\api\\chaiAssert.js",
              "file": "\\test\\api\\chaiAssert.js",
              "beforeHooks": [],
              "afterHooks": [],
              "tests": [
                {
                  "title": "response status equal to 400",
                  "fullTitle": "POST LOGIN failed to login response status equal to 400",
                  "timedOut": false,
                  "duration": 490,
                  "state": "passed",
                  "speed": "slow",
                  "pass": true,
                  "fail": false,
                  "pending": false,
                  "context": null,
                  "code": "expect((await response).status).to.equal(400)",
                  "err": {},
                  "uuid": "d2296052-38ec-451d-86f7-30a2b2357692",
                  "parentUUID": "e59534e1-c26e-43d1-87e4-d50f9111adbb",
                  "isHook": false,
                  "skipped": false
                },
                {
                  "title": "response body expected to be an object",
                  "fullTitle": "POST LOGIN failed to login response body expected to be an object",
                  "timedOut": false,
                  "duration": 1,
                  "state": "passed",
                  "speed": "fast",
                  "pass": true,
                  "fail": false,
                  "pending": false,
                  "context": null,
                  "code": "expect((await response).body).to.be.a('object')",
                  "err": {},
                  "uuid": "8c26e7e7-86b2-4dcf-a966-8c595db4974a",
                  "parentUUID": "e59534e1-c26e-43d1-87e4-d50f9111adbb",
                  "isHook": false,
                  "skipped": false
                },
                {
                  "title": "response body resturn error message",
                  "fullTitle": "POST LOGIN failed to login response body resturn error message",
                  "timedOut": false,
                  "duration": 0,
                  "state": "passed",
                  "speed": "fast",
                  "pass": true,
                  "fail": false,
                  "pending": false,
                  "context": null,
                  "code": "expect((await response).body).to.own.include({\n    \"error\": \"Missing password\"\n})",
                  "err": {},
                  "uuid": "d957f0e7-bcfd-4cc1-b99e-d03feafb631c",
                  "parentUUID": "e59534e1-c26e-43d1-87e4-d50f9111adbb",
                  "isHook": false,
                  "skipped": false
                }
              ],
              "suites": [],
              "passes": [
                "d2296052-38ec-451d-86f7-30a2b2357692",
                "8c26e7e7-86b2-4dcf-a966-8c595db4974a",
                "d957f0e7-bcfd-4cc1-b99e-d03feafb631c"
              ],
              "failures": [],
              "pending": [],
              "skipped": [],
              "duration": 491,
              "root": false,
              "rootEmpty": false,
              "_timeout": 2000
            }
          ],
          "passes": [],
          "failures": [],
          "pending": [],
          "skipped": [],
          "duration": 0,
          "root": false,
          "rootEmpty": false,
          "_timeout": 2000
        }
      ],
      "passes": [],
      "failures": [],
      "pending": [],
      "skipped": [],
      "duration": 0,
      "root": true,
      "rootEmpty": true,
      "_timeout": 2000
    }
  ],
  "meta": {
    "mocha": {
      "version": "10.2.0"
    },
    "mochawesome": {
      "options": {
        "quiet": false,
        "reportFilename": "mochawesome",
        "saveHtml": true,
        "saveJson": true,
        "consoleReporter": "spec",
        "useInlineDiffs": false,
        "code": true
      },
      "version": "7.1.3"
    },
    "marge": {
      "options": null,
      "version": "6.2.0"
    }
  }
}